<?xml version="1.0" encoding="UTF-8"?>
<testng-results skipped="0" failed="0" total="1" passed="1">
  <reporter-output>
  </reporter-output>
  <suite name="Surefire suite" duration-ms="18065" started-at="2017-11-01T10:38:07Z" finished-at="2017-11-01T10:38:25Z">
    <groups>
    </groups>
    <test name="Surefire test" duration-ms="18065" started-at="2017-11-01T10:38:07Z" finished-at="2017-11-01T10:38:25Z">
      <class name="pageobjects.Tests">
        <test-method status="PASS" signature="setup()[pri:0, instance:pageobjects.Tests@34ce8af7]" name="setup" is-config="true" duration-ms="6118" started-at="2017-11-01T11:38:07Z" finished-at="2017-11-01T11:38:13Z">
          <reporter-output>
          </reporter-output>
        </test-method> <!-- setup -->
        <test-method status="PASS" signature="login()[pri:0, instance:pageobjects.Tests@34ce8af7]" name="login" duration-ms="11727" started-at="2017-11-01T11:38:13Z" finished-at="2017-11-01T11:38:25Z">
          <reporter-output>
          </reporter-output>
        </test-method> <!-- login -->
        <test-method status="PASS" signature="quit()[pri:0, instance:pageobjects.Tests@34ce8af7]" name="quit" is-config="true" duration-ms="212" started-at="2017-11-01T11:38:25Z" finished-at="2017-11-01T11:38:25Z">
          <reporter-output>
          </reporter-output>
        </test-method> <!-- quit -->
      </class> <!-- pageobjects.Tests -->
    </test> <!-- Surefire test -->
  </suite> <!-- Surefire suite -->
</testng-results>
